E:\Program Files (x86)\GnuWin32\bin\make.exe all --print-data-base --no-builtin-variables --no-builtin-rules --question
# GNU Make 3.81
# Copyright (C) 2006  Free Software Foundation, Inc.
# This is free software; see the source for copying conditions.
# There is NO warranty; not even for MERCHANTABILITY or FITNESS FOR A
# PARTICULAR PURPOSE.

# This program built for i386-pc-mingw32
 

# Make data base, printed on Thu Nov 11 00:55:59 2021

# Variables

# automatic
<D = $(patsubst %/,%,$(dir $<))
# automatic
?F = $(notdir $?)
# makefile
MAKEFLAGS = Rrqp
# environment
VSCODE_LOG_NATIVE = false
# automatic
?D = $(patsubst %/,%,$(dir $?))
# automatic
@D = $(patsubst %/,%,$(dir $@))
# environment
HOMEDRIVE = C:
# automatic
@F = $(notdir $@)
# automatic
^D = $(patsubst %/,%,$(dir $^))
# makefile
CURDIR := e:/PracticeCode/Exercism/c/armstrong-numbers
# default
SHELL := sh.exe
# environment
WIND 
IR = C:\Windows
# environment
VSCODE_NLS_CONFIG = {"locale":"en-us","availableLanguages":{},"_languagePackSupport":true}
# makefile (from `makefile', line 14)
CFLAGS = -std=c99 -g -Wall -Wextra -pedantic -Werror -Wmissing-declarations -DUNITY_SUPPORT_64
# environment
ONEDRIVE = F:\OneDrive - ntthang
# environment
PATHEXT = .COM;.EXE;.BAT;.CMD;.VBS;.VBE;.JS;.JSE;.WSF;.WSH;.MSC
# makefile (from `makefile', line 1)
MAKEFILE_LIST :=  makefile
# environment
FPS_BROWSER_USER_PROFILE_STRING = Default
# environment
TMP = C:\Users\nttha\AppData\Local\Temp
# environment
VSCODE_VERBOSE_LOGGING = true
# environment
PROGRAMW6432 = C:\Program Files
# environment
ONEDRIVECOMMERCIAL = F:\OneDrive - ntthang
# environment
PROGRAMDATA = C:\ProgramData
# environment
VSCODE_IPC_HOOK_EXTHOST = \\.\pipe\vscode-ipc-811d214c-698f-45bd-be5d-a5ce219b3758-sock
# environment
VSCODE_CWD = C:\Users\nttha\AppData\Local\Programs\Microsoft VS Code
# environment
PATH = C:\Program Files (x86)\Razer\ChromaBroadcast\bin;C:\Program Files\Razer\ChromaBroadcast\bin;C:\Windows\system32;C:\Windows;C:\Windows\System32\Wbem;C:\Windows\System32\WindowsPowerShell\v1.0\;C:\Windows\System32\OpenSSH\;C:\Program Files\dotnet\;C:\Program Files\Microsoft SQL Server\120\Tools\Binn\;C:\Program Files\Microsoft SQL Server\150\Tools\Binn\;C:\Program Files\Microsoft SQL Server\Client SDK\ODBC\170\Tools\Binn\;C:\Program Files\Go\bin;C:\Program Files\Git\cmd;C:\Windows\system32\config\systemprofile\AppData\Local\Microsoft\WindowsApps;C:\Users\nttha\AppData\Local\Microsof 
t\WindowsApps;C:\Users\nttha\.dotnet\tools;C:\Users\nttha\AppData\Local\Programs\Microsoft VS Code\bin;C:\Users\nttha\AppData\Local\Programs\oh-my-posh\bin;C:\Users\nttha\AppData\Local\Programs\oh-my-posh\themes;C:\Users\nttha\go\bin;E:\Program Files\Microsoft VS Code Insiders\bin
# environment
COMMONPROGRAMW6432 = C:\Program Files\Common Files
# environment
ZES_ENABLE_SYSMAN = 1
# environment
PROCESSOR_ARCHITECTURE = x86
# environment
USERPROFILE = C:\Users\nttha
# environment
ALLUSERSPROFILE = C:\ProgramD 
ata
# environment
GOPATH = C:\Users\nttha\go
# environment
VSCODE_LOG_STACK = false
# environment
NUMBER_OF_PROCESSORS = 8
# environment
ELECTRON_RUN_AS_NODE = 1
# default
.FEATURES := target-specific order-only second-expansion else-if archives
# automatic
%F = $(notdir $%)
# environment
CHROME_CRASHPAD_PIPE_NAME = \\.\pipe\crashpad_13184_QAAMXEAHIVFKVYHB
# environment
VSCODE_PIPE_LOGGING = true
# environment
COMPUTERNAME = NTTHANG
# environment
PROGRAMFILES = C:\Program Files (x86)
# environment
DRIVERDATA = C:\Windows\System32\Drivers\DriverData
# makefile (from `makefile', line 18)
ASANFLAGS = -fsanitize=address -fno-common -fno-omit-frame-pointer
# environment
ORIGINAL_XDG_CURRENT_DESKTOP = undefined
# environment
USERNAME = nttha
# environment
PUBLIC = C:\Users\Public
# environment
VSCODE_AMD_ENTRYPOINT = vs/workbench/services/extensions/node/extensionHostProcess
# environment
VSCODE_CODE_CACHE_PATH = C:\Users\nttha\AppData\Roaming\Code\CachedData\f4af3cbf5a99787542e2a30fe1fd37cd644cc31f
# environment
A 
PPLICATION_INSIGHTS_NO_DIAGNOSTIC_CHANNEL = true
# environment
COMMONPROGRAMFILES = C:\Program Files (x86)\Common Files
# environment
LOGONSERVER = \\NTTHANG
# environment
ONEDRIVECONSUMER = C:\Users\nttha\OneDrive
# environment
VSCODE_HANDLES_UNCAUGHT_ERRORS = true
# environment
USERDOMAIN = NTTHANG
# environment
MAKE = E:\Program Files (x86)\GnuWin32\bin\make.exe
# default
MAKECMDGOALS := all
# environment
OMP_NUM_THREADS = 8
# default
MAKE_VERSION := 3.81
# makefile
.DEFAULT_GOAL := test
# environment
PR 
OGRAMFILES(X86) = C:\Program Files (x86)
# automatic
%D = $(patsubst %/,%,$(dir $%))
# environment
LOCALAPPDATA = C:\Users\nttha\AppData\Local
# environment
PSMODULEPATH = C:\Program Files\WindowsPowerShell\Modules;C:\Windows\system32\WindowsPowerShell\v1.0\Modules
# default
MAKE_COMMAND := E:/Program Files (x86)/GnuWin32/bin/make
# environment
PROCESSOR_ARCHITEW6432 = AMD64
# default
.VARIABLES := 
# automatic
*F = $(notdir $*)
# environment
PROCESSOR_IDENTIFIER = Intel64 Family 6 Model 142 Stepping 10, Ge 
nuineIntel
# environment
OS = Windows_NT
# environment
VSCODE_IPC_HOOK = \\.\pipe\3a9dae4ff47b1d8d8f971996739dd137-1.62.1-main-sock
# environment
HOMEPATH = \Users\nttha
# environment
COMMONPROGRAMFILES(X86) = C:\Program Files (x86)\Common Files
# environment
PROMPT = $P$G
# environment
MFLAGS = -Rrqp
# automatic
*D = $(patsubst %/,%,$(dir $*))
# environment
SYSTEMROOT = C:\Windows
# automatic
+D = $(patsubst %/,%,$(dir $+))
# automatic
+F = $(notdir $+)
# environment
APPDATA = C:\Users\nttha\AppData\Roamin 
g
# environment
__COMPAT_LAYER = DetectorsShimLog
# environment
TEMP = C:\Users\nttha\AppData\Local\Temp
# environment
COMSPEC = C:\Windows\system32\cmd.exe
# default
MAKEFILES := 
# automatic
<F = $(notdir $<)
# environment
LC_ALL = C
# makefile (from `makefile', line 4)
LIBS = -lm
# automatic
^F = $(notdir $^)
# default
SUFFIXES := 
# environment
SYSTEMDRIVE = C:
# environment
SESSIONNAME = Console
# environment
PROCESSOR_REVISION = 8e0a
# environment
MAKELEVEL := 0
# environment
LANG = C
# environment
PR 
OCESSOR_LEVEL = 6
# environment
FPS_BROWSER_APP_PROFILE_STRING = Internet Explorer
# environment
VSCODE_PID = 13184
# environment
USERDOMAIN_ROAMINGPROFILE = NTTHANG
# variable set hash-table stats:
# Load=97/1024=9%, Rehash=0, Collisions=10/136=7%

# Pattern-specific Variable Values

# No pattern-specific variable values.

# Directories

# C:\Program Files\Go\bin (key C:/Program Files/Go/bin, mtime 1635526207): 4 files, no impossibilities.
# C:\Program Files (x86)\Razer\ChromaBroadcast\bin (key C:/Program  
Files (x86)/Razer/ChromaBroadcast/bin, mtime 1636028594): 5 files, no impossibilities.
# C:\Program Files\Microsoft SQL Server\150\Tools\Binn\ (key C:/Program Files/Microsoft SQL Server/150/Tools/Binn/, mtime 1635477805): 4 files, no impossibilities.
# C:\Windows\System32\WindowsPowerShell\v1.0\ (key C:/Windows/System32/WindowsPowerShell/v1.0/, mtime 1622903042): 30 files, no impossibilities.
# C:\Users\nttha\AppData\Local\Programs\oh-my-posh\bin (key C:/Users/nttha/AppData/Local/Programs/oh-my-posh/bin, mt 
ime 1635497063): 4 files, no impossibilities.
# C:\Windows\System32\Wbem (key C:/Windows/System32/Wbem, mtime 1633632174): 170 files, no impossibilities.
# . (key e:/PracticeCode/Exercism/c/armstrong-numbers, mtime 1635412140): 9 files, no impossibilities.
# C:\Users\nttha\AppData\Local\Programs\oh-my-posh\themes (key C:/Users/nttha/AppData/Local/Programs/oh-my-posh/themes, mtime 1636566097): 68 files, no impossibilities.
# test (key e:/PracticeCode/Exercism/c/armstrong-numbers/test, mtime 1635412140): 4 fi 
les, no impossibilities.
# C:\Program Files\dotnet\ (key C:/Program Files/dotnet/, mtime 1635530906): 13 files, no impossibilities.
# C:\Users\nttha\AppData\Local\Microsoft\WindowsApps (key C:/Users/nttha/AppData/Local/Microsoft/WindowsApps, mtime 1636512896): 30 files, no impossibilities.
# C:\Windows\System32\OpenSSH\: could not be stat'd.
# C:\Users\nttha\go\bin: could not be stat'd.
# C:\Windows (key C:/Windows, mtime 1636219846): 118 files, no impossibilities.
# C:\Program Files\Microsoft SQL Server\Cl 
ient SDK\ODBC\170\Tools\Binn\ (key C:/Program Files/Microsoft SQL Server/Client SDK/ODBC/170/Tools/Binn/, mtime 1635477818): 7 files, no impossibilities.
# C:\Program Files\Razer\ChromaBroadcast\bin (key C:/Program Files/Razer/ChromaBroadcast/bin, mtime 1636028594): 5 files, no impossibilities.
# C:\Users\nttha\.dotnet\tools: could not be stat'd.
# src (key e:/PracticeCode/Exercism/c/armstrong-numbers/src, mtime 1635412140): 4 files, no impossibilities.
# C:\Program Files\Microsoft SQL Server\120\Tools\Binn 
\ (key C:/Program Files/Microsoft SQL Server/120/Tools/Binn/, mtime 1635475729): 4 files, no impossibilities.
# C:\Program Files\Git\cmd (key C:/Program Files/Git/cmd, mtime 1635527402): 8 files, no impossibilities.
# C:\Windows\system32 (key C:/Windows/system32, mtime 1636558678): 3033 files, no impossibilities.
# E:\Program Files\Microsoft VS Code Insiders\bin (key E:/Program Files/Microsoft VS Code Insiders/bin, mtime 1635527603): 4 files, no impossibilities.
# C:\Users\nttha\AppData\Local\Programs\Micro 
soft VS Code\bin (key C:/Users/nttha/AppData/Local/Programs/Microsoft VS Code/bin, mtime 1636566317): 4 files, no impossibilities.
# C:\Windows\system32\config\systemprofile\AppData\Local\Microsoft\WindowsApps: could not be stat'd.

# 3528 files, no impossibilities in 24 directories.

# Implicit Rules

# No implicit rules.

# Files

# Not a target:
all:
#  Command-line target.
#  Implicit rule search has been done.
#  File does not exist.
#  File has not been updated.
# variable set hash-table stats:
# Load 
=0/32=0%, Rehash=0, Collisions=0/0=0%

memcheck: test/test_armstrong_numbers.c src/armstrong_numbers.c src/armstrong_numbers.h
#  Phony target (prerequisite of .PHONY).
#  Implicit rule search has not been done.
#  File does not exist.
#  File has not been updated.
#  commands to execute (from `makefile', line 26):
	@echo Compiling $@
	@$(CC) $(ASANFLAGS) $(CFLAGS) src/*.c test/vendor/unity.c test/*.c -o memcheck.out $(LIBS)
	@./memcheck.out
	@echo "Memory check passed"
	

.PHONY: test memcheck clean
#  Imp 
licit rule search has not been done.
#  Modification time never checked.
#  File has not been updated.

# Not a target:
.DEFAULT:
#  Implicit rule search has not been done.
#  Modification time never checked.
#  File has not been updated.

# Not a target:
test/test_armstrong_numbers.c:
#  Implicit rule search has not been done.
#  Modification time never checked.
#  File has not been updated.

test: tests.out
#  Phony target (prerequisite of .PHONY).
#  Implicit rule search has not been done.
#  File does n 
ot exist.
#  File has not been updated.
#  commands to execute (from `makefile', line 22):
	@./tests.out
	

# Not a target:
src/armstrong_numbers.c:
#  Implicit rule search has not been done.
#  Modification time never checked.
#  File has not been updated.

# Not a target:
makefile:
#  Implicit rule search has been done.
#  Last modified 2021-03-21 23:04:32
#  File has been updated.
#  Successfully updated.
# variable set hash-table stats:
# Load=0/32=0%, Rehash=0, Collisions=0/0=0%

# Not a target:
src/ar 
mstrong_numbers.h:
#  Implicit rule search has not been done.
#  Modification time never checked.
#  File has not been updated.

tests.out: test/test_armstrong_numbers.c src/armstrong_numbers.c src/armstrong_numbers.h
#  Implicit rule search has not been done.
#  Modification time never checked.
#  File has not been updated.
#  commands to execute (from `makefile', line 36):
	@echo Compiling $@
	@$(CC) $(CFLAGS) src/*.c test/vendor/unity.c test/*.c -o tests.out $(LIBS)
	

# Not a target:
.SUFFIXES:
#  Impli 
cit rule search has not been done.
#  Modification time never checked.
#  File has not been updated.

clean:
#  Phony target (prerequisite of .PHONY).
#  Implicit rule search has not been done.
#  File does not exist.
#  File has not been updated.
#  commands to execute (from `makefile', line 33):
	rm -rf *.o *.out *.out.dSYM
	

# files hash-table stats:
# Load=12/1024=1%, Rehash=0, Collisions=0/35=0%
# VPATH Search Paths

# No `vpath' search paths.

# No general (`VPATH' variable) search path.

# # of stri 
make: *** No rule to make target `all'.  Stop.
 
ngs in strcache: 1
# # of strcache buffers: 1
# strcache size: total = 4096 / max = 4096 / min = 4096 / avg = 4096
# strcache free: total = 4087 / max = 4087 / min = 4087 / avg = 4087

# Finished Make data base on Thu Nov 11 00:55:59 2021

 
